[2022-12-31 04:41:26] local.ERROR: Undefined variable: account (View: /Applications/XAMPP/xamppfiles/htdocs/Sky_Track/skytracker/resources/views/backend/accounts/skybuy/includes/skybuychart.blade.php) {"view":{"view":"/Applications/XAMPP/xamppfiles/htdocs/Sky_Track/skytracker/resources/views/backend/accounts/skybuy/includes/skybuychart.blade.php","data":{"errors":"<pre class=sf-dump id=sf-dump-41067133 data-indent-pad=\"  \"><span class=sf-dump-note>Illuminate\\Support\\ViewErrorBag</span> {<a class=sf-dump-ref>#1750</a><samp data-depth=1 class=sf-dump-expanded>
  #<span class=sf-dump-protected title=\"Protected property\">bags</span>: []
</samp>}
</pre><script>Sfdump(\"sf-dump-41067133\", {\"maxDepth\":3,\"maxStringLength\":160})</script>
","accounts":"<pre class=sf-dump id=sf-dump-592090717 data-indent-pad=\"  \"><span class=sf-dump-note>Illuminate\\Pagination\\LengthAwarePaginator</span> {<a class=sf-dump-ref>#1792</a><samp data-depth=1 class=sf-dump-expanded>
  #<span class=sf-dump-protected title=\"Protected property\">total</span>: <span class=sf-dump-num>100</span>
  #<span class=sf-dump-protected title=\"Protected property\">lastPage</span>: <span class=sf-dump-num>5</span>
  #<span class=sf-dump-protected title=\"Protected property\">items</span>: <span class=sf-dump-note title=\"Illuminate\\Support\\Collection
\"><span class=\"sf-dump-ellipsis sf-dump-ellipsis-note\">Illuminate\\Support</span><span class=\"sf-dump-ellipsis sf-dump-ellipsis-note\">\\</span>Collection</span> {<a class=sf-dump-ref>#2022</a><samp data-depth=2 class=sf-dump-compact>
    #<span class=sf-dump-protected title=\"Protected property\">items</span>: <span class=sf-dump-note>array:20</span> [<samp data-depth=3 class=sf-dump-compact>
      <span class=sf-dump-index>0</span> => {<a class=sf-dump-ref>#1811</a> &#8230;47}
      <span class=sf-dump-index>1</span> => {<a class=sf-dump-ref>#1837</a> &#8230;47}
      <span class=sf-dump-index>2</span> => {<a class=sf-dump-ref>#1835</a> &#8230;47}
      <span class=sf-dump-index>3</span> => {<a class=sf-dump-ref>#1833</a> &#8230;47}
      <span class=sf-dump-index>4</span> => {<a class=sf-dump-ref>#1818</a> &#8230;47}
      <span class=sf-dump-index>5</span> => {<a class=sf-dump-ref>#1812</a> &#8230;47}
      <span class=sf-dump-index>6</span> => {<a class=sf-dump-ref>#1798</a> &#8230;47}
      <span class=sf-dump-index>7</span> => {<a class=sf-dump-ref>#1813</a> &#8230;47}
      <span class=sf-dump-index>8</span> => {<a class=sf-dump-ref>#1822</a> &#8230;47}
      <span class=sf-dump-index>9</span> => {<a class=sf-dump-ref>#1819</a> &#8230;47}
      <span class=sf-dump-index>10</span> => {<a class=sf-dump-ref>#1823</a> &#8230;47}
      <span class=sf-dump-index>11</span> => {<a class=sf-dump-ref>#1828</a> &#8230;47}
      <span class=sf-dump-index>12</span> => {<a class=sf-dump-ref>#1849</a> &#8230;47}
      <span class=sf-dump-index>13</span> => {<a class=sf-dump-ref>#1848</a> &#8230;47}
      <span class=sf-dump-index>14</span> => {<a class=sf-dump-ref>#1829</a> &#8230;47}
      <span class=sf-dump-index>15</span> => {<a class=sf-dump-ref>#1839</a> &#8230;47}
      <span class=sf-dump-index>16</span> => {<a class=sf-dump-ref>#1852</a> &#8230;47}
      <span class=sf-dump-index>17</span> => {<a class=sf-dump-ref>#1855</a> &#8230;47}
      <span class=sf-dump-index>18</span> => {<a class=sf-dump-ref>#1857</a> &#8230;47}
      <span class=sf-dump-index>19</span> => {<a class=sf-dump-ref>#1859</a> &#8230;47}
    </samp>]
    #<span class=sf-dump-protected title=\"Protected property\">escapeWhenCastingToString</span>: <span class=sf-dump-const>false</span>
  </samp>}
  #<span class=sf-dump-protected title=\"Protected property\">perPage</span>: <span class=sf-dump-num>20</span>
  #<span class=sf-dump-protected title=\"Protected property\">currentPage</span>: <span class=sf-dump-num>1</span>
  #<span class=sf-dump-protected title=\"Protected property\">path</span>: \"\"
  #<span class=sf-dump-protected title=\"Protected property\">query</span>: []
  #<span class=sf-dump-protected title=\"Protected property\">fragment</span>: <span class=sf-dump-const>null</span>
  #<span class=sf-dump-protected title=\"Protected property\">pageName</span>: \"<span class=sf-dump-str title=\"4 characters\">page</span>\"
  +<span class=sf-dump-public title=\"Public property\">onEachSide</span>: <span class=sf-dump-num>3</span>
  #<span class=sf-dump-protected title=\"Protected property\">options</span>: []
</samp>}
</pre><script>Sfdump(\"sf-dump-592090717\", {\"maxDepth\":3,\"maxStringLength\":160})</script>
","logged_in_user":"<pre class=sf-dump id=sf-dump-1596958986 data-indent-pad=\"  \"><span class=sf-dump-note>App\\Domains\\Auth\\Models\\User</span> {<a class=sf-dump-ref>#1789</a><samp data-depth=1 class=sf-dump-expanded>
  #<span class=sf-dump-protected title=\"Protected property\">fillable</span>: <span class=sf-dump-note>array:16</span> [<samp data-depth=2 class=sf-dump-compact>
    <span class=sf-dump-index>0</span> => \"<span class=sf-dump-str title=\"4 characters\">type</span>\"
    <span class=sf-dump-index>1</span> => \"<span class=sf-dump-str title=\"4 characters\">name</span>\"
    <span class=sf-dump-index>2</span> => \"<span class=sf-dump-str title=\"5 characters\">phone</span>\"
    <span class=sf-dump-index>3</span> => \"<span class=sf-dump-str title=\"5 characters\">email</span>\"
    <span class=sf-dump-index>4</span> => \"<span class=sf-dump-str title=\"11 characters\">shipping_id</span>\"
    <span class=sf-dump-index>5</span> => \"<span class=sf-dump-str title=\"10 characters\">billing_id</span>\"
    <span class=sf-dump-index>6</span> => \"<span class=sf-dump-str title=\"17 characters\">email_verified_at</span>\"
    <span class=sf-dump-index>7</span> => \"<span class=sf-dump-str title=\"8 characters\">password</span>\"
    <span class=sf-dump-index>8</span> => \"<span class=sf-dump-str title=\"19 characters\">password_changed_at</span>\"
    <span class=sf-dump-index>9</span> => \"<span class=sf-dump-str title=\"6 characters\">active</span>\"
    <span class=sf-dump-index>10</span> => \"<span class=sf-dump-str title=\"8 characters\">timezone</span>\"
    <span class=sf-dump-index>11</span> => \"<span class=sf-dump-str title=\"13 characters\">last_login_at</span>\"
    <span class=sf-dump-index>12</span> => \"<span class=sf-dump-str title=\"13 characters\">last_login_ip</span>\"
    <span class=sf-dump-index>13</span> => \"<span class=sf-dump-str title=\"16 characters\">to_be_logged_out</span>\"
    <span class=sf-dump-index>14</span> => \"<span class=sf-dump-str title=\"8 characters\">provider</span>\"
    <span class=sf-dump-index>15</span> => \"<span class=sf-dump-str title=\"11 characters\">provider_id</span>\"
  </samp>]
  #<span class=sf-dump-protected title=\"Protected property\">hidden</span>: <span class=sf-dump-note>array:3</span> [<samp data-depth=2 class=sf-dump-compact>
    <span class=sf-dump-index>0</span> => \"<span class=sf-dump-str title=\"8 characters\">password</span>\"
    <span class=sf-dump-index>1</span> => \"<span class=sf-dump-str title=\"14 characters\">remember_token</span>\"
    <span class=sf-dump-index>2</span> => \"<span class=sf-dump-str title=\"13 characters\">twoFactorAuth</span>\"
  </samp>]
  #<span class=sf-dump-protected title=\"Protected property\">dates</span>: <span class=sf-dump-note>array:3</span> [<samp data-depth=2 class=sf-dump-compact>
    <span class=sf-dump-index>0</span> => \"<span class=sf-dump-str title=\"13 characters\">last_login_at</span>\"
    <span class=sf-dump-index>1</span> => \"<span class=sf-dump-str title=\"17 characters\">email_verified_at</span>\"
    <span class=sf-dump-index>2</span> => \"<span class=sf-dump-str title=\"19 characters\">password_changed_at</span>\"
  </samp>]
  #<span class=sf-dump-protected title=\"Protected property\">casts</span>: <span class=sf-dump-note>array:5</span> [<samp data-depth=2 class=sf-dump-compact>
    \"<span class=sf-dump-key>active</span>\" => \"<span class=sf-dump-str title=\"7 characters\">boolean</span>\"
    \"<span class=sf-dump-key>last_login_at</span>\" => \"<span class=sf-dump-str title=\"8 characters\">datetime</span>\"
    \"<span class=sf-dump-key>email_verified_at</span>\" => \"<span class=sf-dump-str title=\"8 characters\">datetime</span>\"
    \"<span class=sf-dump-key>to_be_logged_out</span>\" => \"<span class=sf-dump-str title=\"7 characters\">boolean</span>\"
    \"<span class=sf-dump-key>deleted_at</span>\" => \"<span class=sf-dump-str title=\"8 characters\">datetime</span>\"
  </samp>]
  #<span class=sf-dump-protected title=\"Protected property\">appends</span>: <span class=sf-dump-note>array:1</span> [<samp data-depth=2 class=sf-dump-compact>
    <span class=sf-dump-index>0</span> => \"<span class=sf-dump-str title=\"6 characters\">avatar</span>\"
  </samp>]
  #<span class=sf-dump-protected title=\"Protected property\">with</span>: <span class=sf-dump-note>array:2</span> [<samp data-depth=2 class=sf-dump-compact>
    <span class=sf-dump-index>0</span> => \"<span class=sf-dump-str title=\"11 characters\">permissions</span>\"
    <span class=sf-dump-index>1</span> => \"<span class=sf-dump-str title=\"5 characters\">roles</span>\"
  </samp>]
  #<span class=sf-dump-protected title=\"Protected property\">connection</span>: \"<span class=sf-dump-str title=\"5 characters\">mysql</span>\"
  #<span class=sf-dump-protected title=\"Protected property\">table</span>: \"<span class=sf-dump-str title=\"5 characters\">users</span>\"
  #<span class=sf-dump-protected title=\"Protected property\">primaryKey</span>: \"<span class=sf-dump-str title=\"2 characters\">id</span>\"
  #<span class=sf-dump-protected title=\"Protected property\">keyType</span>: \"<span class=sf-dump-str title=\"3 characters\">int</span>\"
  +<span class=sf-dump-public title=\"Public property\">incrementing</span>: <span class=sf-dump-const>true</span>
  #<span class=sf-dump-protected title=\"Protected property\">withCount</span>: []
  +<span class=sf-dump-public title=\"Public property\">preventsLazyLoading</span>: <span class=sf-dump-const>false</span>
  #<span class=sf-dump-protected title=\"Protected property\">perPage</span>: <span class=sf-dump-num>15</span>
  +<span class=sf-dump-public title=\"Public property\">exists</span>: <span class=sf-dump-const>true</span>
  +<span class=sf-dump-public title=\"Public property\">wasRecentlyCreated</span>: <span class=sf-dump-const>false</span>
  #<span class=sf-dump-protected title=\"Protected property\">escapeWhenCastingToString</span>: <span class=sf-dump-const>false</span>
  #<span class=sf-dump-protected title=\"Protected property\">attributes</span>: <span class=sf-dump-note>array:21</span> [<samp data-depth=2 class=sf-dump-compact>
    \"<span class=sf-dump-key>id</span>\" => <span class=sf-dump-num>1</span>
    \"<span class=sf-dump-key>type</span>\" => \"<span class=sf-dump-str title=\"5 characters\">admin</span>\"
    \"<span class=sf-dump-key>name</span>\" => \"<span class=sf-dump-str title=\"11 characters\">Super Admin</span>\"
    \"<span class=sf-dump-key>phone</span>\" => \"<span class=sf-dump-str title=\"11 characters\">01515234363</span>\"
    \"<span class=sf-dump-key>email</span>\" => \"<span class=sf-dump-str title=\"15 characters\">admin@admin.com</span>\"
    \"<span class=sf-dump-key>shipping_id</span>\" => <span class=sf-dump-const>null</span>
    \"<span class=sf-dump-key>billing_id</span>\" => <span class=sf-dump-const>null</span>
    \"<span class=sf-dump-key>email_verified_at</span>\" => \"<span class=sf-dump-str title=\"19 characters\">2022-11-29 07:35:51</span>\"
    \"<span class=sf-dump-key>password</span>\" => \"<span class=sf-dump-str title=\"60 characters\">$2y$10$gueUXQn2BQ/VG0FOKSLMUOZem8jbhAseDd.08nM8pU7OBYVq8zBOO</span>\"
    \"<span class=sf-dump-key>password_changed_at</span>\" => <span class=sf-dump-const>null</span>
    \"<span class=sf-dump-key>active</span>\" => <span class=sf-dump-num>1</span>
    \"<span class=sf-dump-key>timezone</span>\" => \"<span class=sf-dump-str title=\"16 characters\">America/New_York</span>\"
    \"<span class=sf-dump-key>last_login_at</span>\" => \"<span class=sf-dump-str title=\"19 characters\">2022-12-31 04:37:28</span>\"
    \"<span class=sf-dump-key>last_login_ip</span>\" => \"<span class=sf-dump-str title=\"9 characters\">127.0.0.1</span>\"
    \"<span class=sf-dump-key>to_be_logged_out</span>\" => <span class=sf-dump-num>0</span>
    \"<span class=sf-dump-key>provider</span>\" => <span class=sf-dump-const>null</span>
    \"<span class=sf-dump-key>provider_id</span>\" => <span class=sf-dump-const>null</span>
    \"<span class=sf-dump-key>remember_token</span>\" => <span class=sf-dump-const>null</span>
    \"<span class=sf-dump-key>created_at</span>\" => \"<span class=sf-dump-str title=\"19 characters\">2022-11-29 07:35:51</span>\"
    \"<span class=sf-dump-key>updated_at</span>\" => \"<span class=sf-dump-str title=\"19 characters\">2022-12-31 04:37:28</span>\"
    \"<span class=sf-dump-key>deleted_at</span>\" => <span class=sf-dump-const>null</span>
  </samp>]
  #<span class=sf-dump-protected title=\"Protected property\">original</span>: <span class=sf-dump-note>array:21</span> [<samp data-depth=2 class=sf-dump-compact>
    \"<span class=sf-dump-key>id</span>\" => <span class=sf-dump-num>1</span>
    \"<span class=sf-dump-key>type</span>\" => \"<span class=sf-dump-str title=\"5 characters\">admin</span>\"
    \"<span class=sf-dump-key>name</span>\" => \"<span class=sf-dump-str title=\"11 characters\">Super Admin</span>\"
    \"<span class=sf-dump-key>phone</span>\" => \"<span class=sf-dump-str title=\"11 characters\">01515234363</span>\"
    \"<span class=sf-dump-key>email</span>\" => \"<span class=sf-dump-str title=\"15 characters\">admin@admin.com</span>\"
    \"<span class=sf-dump-key>shipping_id</span>\" => <span class=sf-dump-const>null</span>
    \"<span class=sf-dump-key>billing_id</span>\" => <span class=sf-dump-const>null</span>
    \"<span class=sf-dump-key>email_verified_at</span>\" => \"<span class=sf-dump-str title=\"19 characters\">2022-11-29 07:35:51</span>\"
    \"<span class=sf-dump-key>password</span>\" => \"<span class=sf-dump-str title=\"60 characters\">$2y$10$gueUXQn2BQ/VG0FOKSLMUOZem8jbhAseDd.08nM8pU7OBYVq8zBOO</span>\"
    \"<span class=sf-dump-key>password_changed_at</span>\" => <span class=sf-dump-const>null</span>
    \"<span class=sf-dump-key>active</span>\" => <span class=sf-dump-num>1</span>
    \"<span class=sf-dump-key>timezone</span>\" => \"<span class=sf-dump-str title=\"16 characters\">America/New_York</span>\"
    \"<span class=sf-dump-key>last_login_at</span>\" => \"<span class=sf-dump-str title=\"19 characters\">2022-12-31 04:37:28</span>\"
    \"<span class=sf-dump-key>last_login_ip</span>\" => \"<span class=sf-dump-str title=\"9 characters\">127.0.0.1</span>\"
    \"<span class=sf-dump-key>to_be_logged_out</span>\" => <span class=sf-dump-num>0</span>
    \"<span class=sf-dump-key>provider</span>\" => <span class=sf-dump-const>null</span>
    \"<span class=sf-dump-key>provider_id</span>\" => <span class=sf-dump-const>null</span>
    \"<span class=sf-dump-key>remember_token</span>\" => <span class=sf-dump-const>null</span>
    \"<span class=sf-dump-key>created_at</span>\" => \"<span class=sf-dump-str title=\"19 characters\">2022-11-29 07:35:51</span>\"
    \"<span class=sf-dump-key>updated_at</span>\" => \"<span class=sf-dump-str title=\"19 characters\">2022-12-31 04:37:28</span>\"
    \"<span class=sf-dump-key>deleted_at</span>\" => <span class=sf-dump-const>null</span>
  </samp>]
  #<span class=sf-dump-protected title=\"Protected property\">changes</span>: []
  #<span class=sf-dump-protected title=\"Protected property\">classCastCache</span>: []
  #<span class=sf-dump-protected title=\"Protected property\">attributeCastCache</span>: []
  #<span class=sf-dump-protected title=\"Protected property\">dateFormat</span>: <span class=sf-dump-const>null</span>
  #<span class=sf-dump-protected title=\"Protected property\">dispatchesEvents</span>: []
  #<span class=sf-dump-protected title=\"Protected property\">observables</span>: []
  #<span class=sf-dump-protected title=\"Protected property\">relations</span>: <span class=sf-dump-note>array:2</span> [<samp data-depth=2 class=sf-dump-compact>
    \"<span class=sf-dump-key>permissions</span>\" => <span class=sf-dump-note title=\"Illuminate\\Database\\Eloquent\\Collection
\"><span class=\"sf-dump-ellipsis sf-dump-ellipsis-note\">Illuminate\\Database\\Eloquent</span><span class=\"sf-dump-ellipsis sf-dump-ellipsis-note\">\\</span>Collection</span> {<a class=sf-dump-ref>#1788</a><samp data-depth=3 class=sf-dump-compact>
      #<span class=sf-dump-protected title=\"Protected property\">items</span>: []
      #<span class=sf-dump-protected title=\"Protected property\">escapeWhenCastingToString</span>: <span class=sf-dump-const>false</span>
    </samp>}
    \"<span class=sf-dump-key>roles</span>\" => <span class=sf-dump-note title=\"Illuminate\\Database\\Eloquent\\Collection
\"><span class=\"sf-dump-ellipsis sf-dump-ellipsis-note\">Illuminate\\Database\\Eloquent</span><span class=\"sf-dump-ellipsis sf-dump-ellipsis-note\">\\</span>Collection</span> {<a class=sf-dump-ref>#1814</a><samp data-depth=3 class=sf-dump-compact>
      #<span class=sf-dump-protected title=\"Protected property\">items</span>: <span class=sf-dump-note>array:1</span> [ &#8230;1]
      #<span class=sf-dump-protected title=\"Protected property\">escapeWhenCastingToString</span>: <span class=sf-dump-const>false</span>
    </samp>}
  </samp>]
  #<span class=sf-dump-protected title=\"Protected property\">touches</span>: []
  +<span class=sf-dump-public title=\"Public property\">timestamps</span>: <span class=sf-dump-const>true</span>
  #<span class=sf-dump-protected title=\"Protected property\">visible</span>: []
  #<span class=sf-dump-protected title=\"Protected property\">guarded</span>: <span class=sf-dump-note>array:1</span> [<samp data-depth=2 class=sf-dump-compact>
    <span class=sf-dump-index>0</span> => \"<span class=sf-dump-str>*</span>\"
  </samp>]
  #<span class=sf-dump-protected title=\"Protected property\">rememberTokenName</span>: \"<span class=sf-dump-str title=\"14 characters\">remember_token</span>\"
  -<span class=sf-dump-private title=\"Private property defined in class:&#10;`App\\Domains\\Auth\\Models\\User`\">roleClass</span>: <span class=sf-dump-const>null</span>
  -<span class=sf-dump-private title=\"Private property defined in class:&#10;`App\\Domains\\Auth\\Models\\User`\">permissionClass</span>: <span class=sf-dump-const>null</span>
  #<span class=sf-dump-protected title=\"Protected property\">forceDeleting</span>: <span class=sf-dump-const>false</span>
</samp>}
</pre><script>Sfdump(\"sf-dump-1596958986\", {\"maxDepth\":3,\"maxStringLength\":160})</script>
","component":"<pre class=sf-dump id=sf-dump-652510250 data-indent-pad=\"  \"><span class=sf-dump-note>Illuminate\\View\\AnonymousComponent</span> {<a class=sf-dump-ref>#2008</a><samp data-depth=1 class=sf-dump-expanded>
  #<span class=sf-dump-protected title=\"Protected property\">view</span>: \"<span class=sf-dump-str title=\"21 characters\">components.utils.link</span>\"
  #<span class=sf-dump-protected title=\"Protected property\">data</span>: <span class=sf-dump-note>array:5</span> [<samp data-depth=2 class=sf-dump-compact>
    \"<span class=sf-dump-key>href</span>\" => \"<span class=sf-dump-str title=\"47 characters\">http://127.0.0.1:8000/admin/account/skybuytable</span>\"
    \"<span class=sf-dump-key>class</span>\" => \"<span class=sf-dump-str title=\"24 characters\">btn btn-sm btn-secondary</span>\"
    \"<span class=sf-dump-key>dataToggle</span>\" => \"<span class=sf-dump-str title=\"7 characters\">tooltip</span>\"
    \"<span class=sf-dump-key>title</span>\" => \"<span class=sf-dump-str title=\"21 characters\">SkyBuy Accounts Table</span>\"
    \"<span class=sf-dump-key>text</span>\" => \"<span class=sf-dump-str title=\"15 characters\">SkyBuy Accounts</span>\"
  </samp>]
  #<span class=sf-dump-protected title=\"Protected property\">except</span>: []
  +<span class=sf-dump-public title=\"Public property\">componentName</span>: \"<span class=sf-dump-str title=\"10 characters\">utils.link</span>\"
  +<span class=sf-dump-public title=\"Public property\">attributes</span>: <span class=sf-dump-note title=\"Illuminate\\View\\ComponentAttributeBag
\"><span class=\"sf-dump-ellipsis sf-dump-ellipsis-note\">Illuminate\\View</span><span class=\"sf-dump-ellipsis sf-dump-ellipsis-note\">\\</span>ComponentAttributeBag</span> {<a class=sf-dump-ref>#2007</a><samp data-depth=2 class=sf-dump-compact>
    #<span class=sf-dump-protected title=\"Protected property\">attributes</span>: <span class=sf-dump-note>array:5</span> [<samp data-depth=3 class=sf-dump-compact>
      \"<span class=sf-dump-key>href</span>\" => \"<span class=sf-dump-str title=\"47 characters\">http://127.0.0.1:8000/admin/account/skybuytable</span>\"
      \"<span class=sf-dump-key>class</span>\" => \"<span class=sf-dump-str title=\"24 characters\">btn btn-sm btn-secondary</span>\"
      \"<span class=sf-dump-key>data-toggle</span>\" => \"<span class=sf-dump-str title=\"7 characters\">tooltip</span>\"
      \"<span class=sf-dump-key>title</span>\" => \"<span class=sf-dump-str title=\"21 characters\">SkyBuy Accounts Table</span>\"
      \"<span class=sf-dump-key>text</span>\" => \"<span class=sf-dump-str title=\"15 characters\">SkyBuy Accounts</span>\"
    </samp>]
  </samp>}
</samp>}
</pre><script>Sfdump(\"sf-dump-652510250\", {\"maxDepth\":3,\"maxStringLength\":160})</script>
"}},"userId":1,"exception":"[object] (Facade\\Ignition\\Exceptions\\ViewException(code: 0): Undefined variable: account (View: /Applications/XAMPP/xamppfiles/htdocs/Sky_Track/skytracker/resources/views/backend/accounts/skybuy/includes/skybuychart.blade.php) at /Applications/XAMPP/xamppfiles/htdocs/Sky_Track/skytracker/resources/views/backend/accounts/skybuy/includes/skybuychart.blade.php:9)
[stacktrace]
#0 /Applications/XAMPP/xamppfiles/htdocs/Sky_Track/skytracker/resources/views/backend/accounts/skybuy/includes/skybuychart.blade.php(9): Illuminate\\Foundation\\Bootstrap\\HandleExceptions->handleError(8, 'Undefined varia...', '/Applications/X...', 9, Array)
#1 /Applications/XAMPP/xamppfiles/htdocs/Sky_Track/skytracker/vendor/laravel/framework/src/Illuminate/Filesystem/Filesystem.php(107): require('/Applications/X...')
#2 /Applications/XAMPP/xamppfiles/htdocs/Sky_Track/skytracker/vendor/laravel/framework/src/Illuminate/Filesystem/Filesystem.php(108): Illuminate\\Filesystem\\Filesystem::Illuminate\\Filesystem\\{closure}()
#3 /Applications/XAMPP/xamppfiles/htdocs/Sky_Track/skytracker/vendor/laravel/framework/src/Illuminate/View/Engines/PhpEngine.php(58): Illuminate\\Filesystem\\Filesystem->getRequire('/Applications/X...', Array)
#4 /Applications/XAMPP/xamppfiles/htdocs/Sky_Track/skytracker/vendor/livewire/livewire/src/ComponentConcerns/RendersLivewireComponents.php(69): Illuminate\\View\\Engines\\PhpEngine->evaluatePath('/Applications/X...', Array)
#5 /Applications/XAMPP/xamppfiles/htdocs/Sky_Track/skytracker/vendor/laravel/framework/src/Illuminate/View/Engines/CompilerEngine.php(61): Livewire\\CompilerEngineForIgnition->evaluatePath('/Applications/X...', Array)
#6 /Applications/XAMPP/xamppfiles/htdocs/Sky_Track/skytracker/vendor/facade/ignition/src/Views/Engines/CompilerEngine.php(37): Illuminate\\View\\Engines\\CompilerEngine->get('/Applications/X...', Array)
#7 /Applications/XAMPP/xamppfiles/htdocs/Sky_Track/skytracker/vendor/livewire/livewire/src/ComponentConcerns/RendersLivewireComponents.php(35): Facade\\Ignition\\Views\\Engines\\CompilerEngine->get('/Applications/X...', Array)
#8 /Applications/XAMPP/xamppfiles/htdocs/Sky_Track/skytracker/vendor/laravel/framework/src/Illuminate/View/View.php(139): Livewire\\CompilerEngineForIgnition->get('/Applications/X...', Array)
#9 /Applications/XAMPP/xamppfiles/htdocs/Sky_Track/skytracker/vendor/laravel/framework/src/Illuminate/View/View.php(122): Illuminate\\View\\View->getContents()
#10 /Applications/XAMPP/xamppfiles/htdocs/Sky_Track/skytracker/vendor/laravel/framework/src/Illuminate/View/View.php(91): Illuminate\\View\\View->renderContents()
#11 /Applications/XAMPP/xamppfiles/htdocs/Sky_Track/skytracker/resources/views/backend/accounts/skybuy/index.blade.php(13): Illuminate\\View\\View->render()
#12 /Applications/XAMPP/xamppfiles/htdocs/Sky_Track/skytracker/vendor/laravel/framework/src/Illuminate/Filesystem/Filesystem.php(107): require('/Applications/X...')
#13 /Applications/XAMPP/xamppfiles/htdocs/Sky_Track/skytracker/vendor/laravel/framework/src/Illuminate/Filesystem/Filesystem.php(108): Illuminate\\Filesystem\\Filesystem::Illuminate\\Filesystem\\{closure}()
#14 /Applications/XAMPP/xamppfiles/htdocs/Sky_Track/skytracker/vendor/laravel/framework/src/Illuminate/View/Engines/PhpEngine.php(58): Illuminate\\Filesystem\\Filesystem->getRequire('/Applications/X...', Array)
#15 /Applications/XAMPP/xamppfiles/htdocs/Sky_Track/skytracker/vendor/livewire/livewire/src/ComponentConcerns/RendersLivewireComponents.php(69): Illuminate\\View\\Engines\\PhpEngine->evaluatePath('/Applications/X...', Array)
#16 /Applications/XAMPP/xamppfiles/htdocs/Sky_Track/skytracker/vendor/laravel/framework/src/Illuminate/View/Engines/CompilerEngine.php(61): Livewire\\CompilerEngineForIgnition->evaluatePath('/Applications/X...', Array)
#17 /Applications/XAMPP/xamppfiles/htdocs/Sky_Track/skytracker/vendor/facade/ignition/src/Views/Engines/CompilerEngine.php(37): Illuminate\\View\\Engines\\CompilerEngine->get('/Applications/X...', Array)
#18 /Applications/XAMPP/xamppfiles/htdocs/Sky_Track/skytracker/vendor/livewire/livewire/src/ComponentConcerns/RendersLivewireComponents.php(35): Facade\\Ignition\\Views\\Engines\\CompilerEngine->get('/Applications/X...', Array)
#19 /Applications/XAMPP/xamppfiles/htdocs/Sky_Track/skytracker/vendor/laravel/framework/src/Illuminate/View/View.php(139): Livewire\\CompilerEngineForIgnition->get('/Applications/X...', Array)
#20 /Applications/XAMPP/xamppfiles/htdocs/Sky_Track/skytracker/vendor/laravel/framework/src/Illuminate/View/View.php(122): Illuminate\\View\\View->getContents()
#21 /Applications/XAMPP/xamppfiles/htdocs/Sky_Track/skytracker/vendor/laravel/framework/src/Illuminate/View/View.php(91): Illuminate\\View\\View->renderContents()
#22 /Applications/XAMPP/xamppfiles/htdocs/Sky_Track/skytracker/vendor/laravel/framework/src/Illuminate/Http/Response.php(69): Illuminate\\View\\View->render()
#23 /Applications/XAMPP/xamppfiles/htdocs/Sky_Track/skytracker/vendor/laravel/framework/src/Illuminate/Http/Response.php(35): Illuminate\\Http\\Response->setContent(Object(Illuminate\\View\\View))
#24 /Applications/XAMPP/xamppfiles/htdocs/Sky_Track/skytracker/vendor/laravel/framework/src/Illuminate/Routing/Router.php(820): Illuminate\\Http\\Response->__construct(Object(Illuminate\\View\\View), 200, Array)
#25 /Applications/XAMPP/xamppfiles/htdocs/Sky_Track/skytracker/vendor/laravel/framework/src/Illuminate/Routing/Router.php(789): Illuminate\\Routing\\Router::toResponse(Object(Illuminate\\Http\\Request), Object(Illuminate\\View\\View))
#26 /Applications/XAMPP/xamppfiles/htdocs/Sky_Track/skytracker/vendor/laravel/framework/src/Illuminate/Routing/Router.php(721): Illuminate\\Routing\\Router->prepareResponse(Object(Illuminate\\Http\\Request), Object(Illuminate\\View\\View))
#27 /Applications/XAMPP/xamppfiles/htdocs/Sky_Track/skytracker/vendor/laravel/framework/src/Illuminate/Pipeline/Pipeline.php(128): Illuminate\\Routing\\Router->Illuminate\\Routing\\{closure}(Object(Illuminate\\Http\\Request))
#28 /Applications/XAMPP/xamppfiles/htdocs/Sky_Track/skytracker/app/Domains/Auth/Http/Middleware/AdminCheck.php(21): Illuminate\\Pipeline\\Pipeline->Illuminate\\Pipeline\\{closure}(Object(Illuminate\\Http\\Request))
#29 /Applications/XAMPP/xamppfiles/htdocs/Sky_Track/skytracker/vendor/laravel/framework/src/Illuminate/Pipeline/Pipeline.php(167): App\\Domains\\Auth\\Http\\Middleware\\AdminCheck->handle(Object(Illuminate\\Http\\Request), Object(Closure))
#30 /Applications/XAMPP/xamppfiles/htdocs/Sky_Track/skytracker/app/Domains/Auth/Http/Middleware/PasswordExpires.php(34): Illuminate\\Pipeline\\Pipeline->Illuminate\\Pipeline\\{closure}(Object(Illuminate\\Http\\Request))
#31 /Applications/XAMPP/xamppfiles/htdocs/Sky_Track/skytracker/vendor/laravel/framework/src/Illuminate/Pipeline/Pipeline.php(167): App\\Domains\\Auth\\Http\\Middleware\\PasswordExpires->handle(Object(Illuminate\\Http\\Request), Object(Closure))
#32 /Applications/XAMPP/xamppfiles/htdocs/Sky_Track/skytracker/app/Domains/Auth/Http/Middleware/TwoFactorAuthenticationStatus.php(26): Illuminate\\Pipeline\\Pipeline->Illuminate\\Pipeline\\{closure}(Object(Illuminate\\Http\\Request))
#33 /Applications/XAMPP/xamppfiles/htdocs/Sky_Track/skytracker/vendor/laravel/framework/src/Illuminate/Pipeline/Pipeline.php(167): App\\Domains\\Auth\\Http\\Middleware\\TwoFactorAuthenticationStatus->handle(Object(Illuminate\\Http\\Request), Object(Closure), 'enabled')
#34 /Applications/XAMPP/xamppfiles/htdocs/Sky_Track/skytracker/app/Domains/Auth/Http/Middleware/ToBeLoggedOut.php(31): Illuminate\\Pipeline\\Pipeline->Illuminate\\Pipeline\\{closure}(Object(Illuminate\\Http\\Request))
#35 /Applications/XAMPP/xamppfiles/htdocs/Sky_Track/skytracker/vendor/laravel/framework/src/Illuminate/Pipeline/Pipeline.php(167): App\\Domains\\Auth\\Http\\Middleware\\ToBeLoggedOut->handle(Object(Illuminate\\Http\\Request), Object(Closure))
#36 /Applications/XAMPP/xamppfiles/htdocs/Sky_Track/skytracker/vendor/laravel/framework/src/Illuminate/Routing/Middleware/SubstituteBindings.php(50): Illuminate\\Pipeline\\Pipeline->Illuminate\\Pipeline\\{closure}(Object(Illuminate\\Http\\Request))
#37 /Applications/XAMPP/xamppfiles/htdocs/Sky_Track/skytracker/vendor/laravel/framework/src/Illuminate/Pipeline/Pipeline.php(167): Illuminate\\Routing\\Middleware\\SubstituteBindings->handle(Object(Illuminate\\Http\\Request), Object(Closure))
#38 /Applications/XAMPP/xamppfiles/htdocs/Sky_Track/skytracker/app/Http/Middleware/LocaleMiddleware.php(26): Illuminate\\Pipeline\\Pipeline->Illuminate\\Pipeline\\{closure}(Object(Illuminate\\Http\\Request))
#39 /Applications/XAMPP/xamppfiles/htdocs/Sky_Track/skytracker/vendor/laravel/framework/src/Illuminate/Pipeline/Pipeline.php(167): App\\Http\\Middleware\\LocaleMiddleware->handle(Object(Illuminate\\Http\\Request), Object(Closure))
#40 /Applications/XAMPP/xamppfiles/htdocs/Sky_Track/skytracker/vendor/laravel/framework/src/Illuminate/Foundation/Http/Middleware/VerifyCsrfToken.php(78): Illuminate\\Pipeline\\Pipeline->Illuminate\\Pipeline\\{closure}(Object(Illuminate\\Http\\Request))
#41 /Applications/XAMPP/xamppfiles/htdocs/Sky_Track/skytracker/vendor/laravel/framework/src/Illuminate/Pipeline/Pipeline.php(167): Illuminate\\Foundation\\Http\\Middleware\\VerifyCsrfToken->handle(Object(Illuminate\\Http\\Request), Object(Closure))
#42 /Applications/XAMPP/xamppfiles/htdocs/Sky_Track/skytracker/vendor/laravel/framework/src/Illuminate/Session/Middleware/AuthenticateSession.php(58): Illuminate\\Pipeline\\Pipeline->Illuminate\\Pipeline\\{closure}(Object(Illuminate\\Http\\Request))
#43 /Applications/XAMPP/xamppfiles/htdocs/Sky_Track/skytracker/vendor/laravel/framework/src/Illuminate/Pipeline/Pipeline.php(167): Illuminate\\Session\\Middleware\\AuthenticateSession->handle(Object(Illuminate\\Http\\Request), Object(Closure))
#44 /Applications/XAMPP/xamppfiles/htdocs/Sky_Track/skytracker/vendor/laravel/framework/src/Illuminate/Auth/Middleware/Authenticate.php(44): Illuminate\\Pipeline\\Pipeline->Illuminate\\Pipeline\\{closure}(Object(Illuminate\\Http\\Request))
#45 /Applications/XAMPP/xamppfiles/htdocs/Sky_Track/skytracker/vendor/laravel/framework/src/Illuminate/Pipeline/Pipeline.php(167): Illuminate\\Auth\\Middleware\\Authenticate->handle(Object(Illuminate\\Http\\Request), Object(Closure))
#46 /Applications/XAMPP/xamppfiles/htdocs/Sky_Track/skytracker/vendor/laravel/framework/src/Illuminate/View/Middleware/ShareErrorsFromSession.php(49): Illuminate\\Pipeline\\Pipeline->Illuminate\\Pipeline\\{closure}(Object(Illuminate\\Http\\Request))
#47 /Applications/XAMPP/xamppfiles/htdocs/Sky_Track/skytracker/vendor/laravel/framework/src/Illuminate/Pipeline/Pipeline.php(167): Illuminate\\View\\Middleware\\ShareErrorsFromSession->handle(Object(Illuminate\\Http\\Request), Object(Closure))
#48 /Applications/XAMPP/xamppfiles/htdocs/Sky_Track/skytracker/vendor/laravel/framework/src/Illuminate/Session/Middleware/StartSession.php(121): Illuminate\\Pipeline\\Pipeline->Illuminate\\Pipeline\\{closure}(Object(Illuminate\\Http\\Request))
#49 /Applications/XAMPP/xamppfiles/htdocs/Sky_Track/skytracker/vendor/laravel/framework/src/Illuminate/Session/Middleware/StartSession.php(64): Illuminate\\Session\\Middleware\\StartSession->handleStatefulRequest(Object(Illuminate\\Http\\Request), Object(Illuminate\\Session\\Store), Object(Closure))
#50 /Applications/XAMPP/xamppfiles/htdocs/Sky_Track/skytracker/vendor/laravel/framework/src/Illuminate/Pipeline/Pipeline.php(167): Illuminate\\Session\\Middleware\\StartSession->handle(Object(Illuminate\\Http\\Request), Object(Closure))
#51 /Applications/XAMPP/xamppfiles/htdocs/Sky_Track/skytracker/vendor/laravel/framework/src/Illuminate/Cookie/Middleware/AddQueuedCookiesToResponse.php(37): Illuminate\\Pipeline\\Pipeline->Illuminate\\Pipeline\\{closure}(Object(Illuminate\\Http\\Request))
#52 /Applications/XAMPP/xamppfiles/htdocs/Sky_Track/skytracker/vendor/laravel/framework/src/Illuminate/Pipeline/Pipeline.php(167): Illuminate\\Cookie\\Middleware\\AddQueuedCookiesToResponse->handle(Object(Illuminate\\Http\\Request), Object(Closure))
#53 /Applications/XAMPP/xamppfiles/htdocs/Sky_Track/skytracker/vendor/laravel/framework/src/Illuminate/Cookie/Middleware/EncryptCookies.php(67): Illuminate\\Pipeline\\Pipeline->Illuminate\\Pipeline\\{closure}(Object(Illuminate\\Http\\Request))
#54 /Applications/XAMPP/xamppfiles/htdocs/Sky_Track/skytracker/vendor/laravel/framework/src/Illuminate/Pipeline/Pipeline.php(167): Illuminate\\Cookie\\Middleware\\EncryptCookies->handle(Object(Illuminate\\Http\\Request), Object(Closure))
#55 /Applications/XAMPP/xamppfiles/htdocs/Sky_Track/skytracker/vendor/laravel/framework/src/Illuminate/Pipeline/Pipeline.php(103): Illuminate\\Pipeline\\Pipeline->Illuminate\\Pipeline\\{closure}(Object(Illuminate\\Http\\Request))
#56 /Applications/XAMPP/xamppfiles/htdocs/Sky_Track/skytracker/vendor/laravel/framework/src/Illuminate/Routing/Router.php(723): Illuminate\\Pipeline\\Pipeline->then(Object(Closure))
#57 /Applications/XAMPP/xamppfiles/htdocs/Sky_Track/skytracker/vendor/laravel/framework/src/Illuminate/Routing/Router.php(698): Illuminate\\Routing\\Router->runRouteWithinStack(Object(Illuminate\\Routing\\Route), Object(Illuminate\\Http\\Request))
#58 /Applications/XAMPP/xamppfiles/htdocs/Sky_Track/skytracker/vendor/laravel/framework/src/Illuminate/Routing/Router.php(662): Illuminate\\Routing\\Router->runRoute(Object(Illuminate\\Http\\Request), Object(Illuminate\\Routing\\Route))
#59 /Applications/XAMPP/xamppfiles/htdocs/Sky_Track/skytracker/vendor/laravel/framework/src/Illuminate/Routing/Router.php(651): Illuminate\\Routing\\Router->dispatchToRoute(Object(Illuminate\\Http\\Request))
#60 /Applications/XAMPP/xamppfiles/htdocs/Sky_Track/skytracker/vendor/laravel/framework/src/Illuminate/Foundation/Http/Kernel.php(167): Illuminate\\Routing\\Router->dispatch(Object(Illuminate\\Http\\Request))
#61 /Applications/XAMPP/xamppfiles/htdocs/Sky_Track/skytracker/vendor/laravel/framework/src/Illuminate/Pipeline/Pipeline.php(128): Illuminate\\Foundation\\Http\\Kernel->Illuminate\\Foundation\\Http\\{closure}(Object(Illuminate\\Http\\Request))
#62 /Applications/XAMPP/xamppfiles/htdocs/Sky_Track/skytracker/vendor/livewire/livewire/src/DisableBrowserCache.php(19): Illuminate\\Pipeline\\Pipeline->Illuminate\\Pipeline\\{closure}(Object(Illuminate\\Http\\Request))
#63 /Applications/XAMPP/xamppfiles/htdocs/Sky_Track/skytracker/vendor/laravel/framework/src/Illuminate/Pipeline/Pipeline.php(167): Livewire\\DisableBrowserCache->handle(Object(Illuminate\\Http\\Request), Object(Closure))
#64 /Applications/XAMPP/xamppfiles/htdocs/Sky_Track/skytracker/vendor/barryvdh/laravel-debugbar/src/Middleware/InjectDebugbar.php(59): Illuminate\\Pipeline\\Pipeline->Illuminate\\Pipeline\\{closure}(Object(Illuminate\\Http\\Request))
#65 /Applications/XAMPP/xamppfiles/htdocs/Sky_Track/skytracker/vendor/laravel/framework/src/Illuminate/Pipeline/Pipeline.php(167): Barryvdh\\Debugbar\\Middleware\\InjectDebugbar->handle(Object(Illuminate\\Http\\Request), Object(Closure))
#66 /Applications/XAMPP/xamppfiles/htdocs/Sky_Track/skytracker/vendor/rappasoft/lockout/src/Http/Middleware/CheckForReadOnlyMode.php(48): Illuminate\\Pipeline\\Pipeline->Illuminate\\Pipeline\\{closure}(Object(Illuminate\\Http\\Request))
#67 /Applications/XAMPP/xamppfiles/htdocs/Sky_Track/skytracker/vendor/laravel/framework/src/Illuminate/Pipeline/Pipeline.php(167): Rappasoft\\Lockout\\Http\\Middleware\\CheckForReadOnlyMode->handle(Object(Illuminate\\Http\\Request), Object(Closure))
#68 /Applications/XAMPP/xamppfiles/htdocs/Sky_Track/skytracker/vendor/laravel/framework/src/Illuminate/Foundation/Http/Middleware/TransformsRequest.php(21): Illuminate\\Pipeline\\Pipeline->Illuminate\\Pipeline\\{closure}(Object(Illuminate\\Http\\Request))
#69 /Applications/XAMPP/xamppfiles/htdocs/Sky_Track/skytracker/vendor/laravel/framework/src/Illuminate/Foundation/Http/Middleware/ConvertEmptyStringsToNull.php(31): Illuminate\\Foundation\\Http\\Middleware\\TransformsRequest->handle(Object(Illuminate\\Http\\Request), Object(Closure))
#70 /Applications/XAMPP/xamppfiles/htdocs/Sky_Track/skytracker/vendor/laravel/framework/src/Illuminate/Pipeline/Pipeline.php(167): Illuminate\\Foundation\\Http\\Middleware\\ConvertEmptyStringsToNull->handle(Object(Illuminate\\Http\\Request), Object(Closure))
#71 /Applications/XAMPP/xamppfiles/htdocs/Sky_Track/skytracker/vendor/laravel/framework/src/Illuminate/Foundation/Http/Middleware/TransformsRequest.php(21): Illuminate\\Pipeline\\Pipeline->Illuminate\\Pipeline\\{closure}(Object(Illuminate\\Http\\Request))
#72 /Applications/XAMPP/xamppfiles/htdocs/Sky_Track/skytracker/vendor/laravel/framework/src/Illuminate/Foundation/Http/Middleware/TrimStrings.php(40): Illuminate\\Foundation\\Http\\Middleware\\TransformsRequest->handle(Object(Illuminate\\Http\\Request), Object(Closure))
#73 /Applications/XAMPP/xamppfiles/htdocs/Sky_Track/skytracker/vendor/laravel/framework/src/Illuminate/Pipeline/Pipeline.php(167): Illuminate\\Foundation\\Http\\Middleware\\TrimStrings->handle(Object(Illuminate\\Http\\Request), Object(Closure))
#74 /Applications/XAMPP/xamppfiles/htdocs/Sky_Track/skytracker/vendor/laravel/framework/src/Illuminate/Foundation/Http/Middleware/ValidatePostSize.php(27): Illuminate\\Pipeline\\Pipeline->Illuminate\\Pipeline\\{closure}(Object(Illuminate\\Http\\Request))
#75 /Applications/XAMPP/xamppfiles/htdocs/Sky_Track/skytracker/vendor/laravel/framework/src/Illuminate/Pipeline/Pipeline.php(167): Illuminate\\Foundation\\Http\\Middleware\\ValidatePostSize->handle(Object(Illuminate\\Http\\Request), Object(Closure))
#76 /Applications/XAMPP/xamppfiles/htdocs/Sky_Track/skytracker/vendor/laravel/framework/src/Illuminate/Foundation/Http/Middleware/PreventRequestsDuringMaintenance.php(86): Illuminate\\Pipeline\\Pipeline->Illuminate\\Pipeline\\{closure}(Object(Illuminate\\Http\\Request))
#77 /Applications/XAMPP/xamppfiles/htdocs/Sky_Track/skytracker/vendor/laravel/framework/src/Illuminate/Pipeline/Pipeline.php(167): Illuminate\\Foundation\\Http\\Middleware\\PreventRequestsDuringMaintenance->handle(Object(Illuminate\\Http\\Request), Object(Closure))
#78 /Applications/XAMPP/xamppfiles/htdocs/Sky_Track/skytracker/vendor/fruitcake/laravel-cors/src/HandleCors.php(38): Illuminate\\Pipeline\\Pipeline->Illuminate\\Pipeline\\{closure}(Object(Illuminate\\Http\\Request))
#79 /Applications/XAMPP/xamppfiles/htdocs/Sky_Track/skytracker/vendor/laravel/framework/src/Illuminate/Pipeline/Pipeline.php(167): Fruitcake\\Cors\\HandleCors->handle(Object(Illuminate\\Http\\Request), Object(Closure))
#80 /Applications/XAMPP/xamppfiles/htdocs/Sky_Track/skytracker/vendor/laravel/framework/src/Illuminate/Http/Middleware/TrustProxies.php(39): Illuminate\\Pipeline\\Pipeline->Illuminate\\Pipeline\\{closure}(Object(Illuminate\\Http\\Request))
#81 /Applications/XAMPP/xamppfiles/htdocs/Sky_Track/skytracker/vendor/laravel/framework/src/Illuminate/Pipeline/Pipeline.php(167): Illuminate\\Http\\Middleware\\TrustProxies->handle(Object(Illuminate\\Http\\Request), Object(Closure))
#82 /Applications/XAMPP/xamppfiles/htdocs/Sky_Track/skytracker/vendor/laravel/framework/src/Illuminate/Pipeline/Pipeline.php(103): Illuminate\\Pipeline\\Pipeline->Illuminate\\Pipeline\\{closure}(Object(Illuminate\\Http\\Request))
#83 /Applications/XAMPP/xamppfiles/htdocs/Sky_Track/skytracker/vendor/laravel/framework/src/Illuminate/Foundation/Http/Kernel.php(142): Illuminate\\Pipeline\\Pipeline->then(Object(Closure))
#84 /Applications/XAMPP/xamppfiles/htdocs/Sky_Track/skytracker/vendor/laravel/framework/src/Illuminate/Foundation/Http/Kernel.php(111): Illuminate\\Foundation\\Http\\Kernel->sendRequestThroughRouter(Object(Illuminate\\Http\\Request))
#85 /Applications/XAMPP/xamppfiles/htdocs/Sky_Track/skytracker/public/index.php(57): Illuminate\\Foundation\\Http\\Kernel->handle(Object(Illuminate\\Http\\Request))
#86 /Applications/XAMPP/xamppfiles/htdocs/Sky_Track/skytracker/server.php(19): require_once('/Applications/X...')
#87 {main}

[previous exception] [object] (ErrorException(code: 0): Undefined variable: account at /Applications/XAMPP/xamppfiles/htdocs/Sky_Track/skytracker/storage/framework/views/083b4b92718adbff76574e2a1251b3e916138526.php:9)
[stacktrace]
#0 /Applications/XAMPP/xamppfiles/htdocs/Sky_Track/skytracker/storage/framework/views/083b4b92718adbff76574e2a1251b3e916138526.php(9): Illuminate\\Foundation\\Bootstrap\\HandleExceptions->handleError(8, 'Undefined varia...', '/Applications/X...', 9, Array)
#1 /Applications/XAMPP/xamppfiles/htdocs/Sky_Track/skytracker/vendor/laravel/framework/src/Illuminate/Filesystem/Filesystem.php(107): require('/Applications/X...')
#2 /Applications/XAMPP/xamppfiles/htdocs/Sky_Track/skytracker/vendor/laravel/framework/src/Illuminate/Filesystem/Filesystem.php(108): Illuminate\\Filesystem\\Filesystem::Illuminate\\Filesystem\\{closure}()
#3 /Applications/XAMPP/xamppfiles/htdocs/Sky_Track/skytracker/vendor/laravel/framework/src/Illuminate/View/Engines/PhpEngine.php(58): Illuminate\\Filesystem\\Filesystem->getRequire('/Applications/X...', Array)
#4 /Applications/XAMPP/xamppfiles/htdocs/Sky_Track/skytracker/vendor/livewire/livewire/src/ComponentConcerns/RendersLivewireComponents.php(69): Illuminate\\View\\Engines\\PhpEngine->evaluatePath('/Applications/X...', Array)
#5 /Applications/XAMPP/xamppfiles/htdocs/Sky_Track/skytracker/vendor/laravel/framework/src/Illuminate/View/Engines/CompilerEngine.php(61): Livewire\\CompilerEngineForIgnition->evaluatePath('/Applications/X...', Array)
#6 /Applications/XAMPP/xamppfiles/htdocs/Sky_Track/skytracker/vendor/facade/ignition/src/Views/Engines/CompilerEngine.php(37): Illuminate\\View\\Engines\\CompilerEngine->get('/Applications/X...', Array)
#7 /Applications/XAMPP/xamppfiles/htdocs/Sky_Track/skytracker/vendor/livewire/livewire/src/ComponentConcerns/RendersLivewireComponents.php(35): Facade\\Ignition\\Views\\Engines\\CompilerEngine->get('/Applications/X...', Array)
#8 /Applications/XAMPP/xamppfiles/htdocs/Sky_Track/skytracker/vendor/laravel/framework/src/Illuminate/View/View.php(139): Livewire\\CompilerEngineForIgnition->get('/Applications/X...', Array)
#9 /Applications/XAMPP/xamppfiles/htdocs/Sky_Track/skytracker/vendor/laravel/framework/src/Illuminate/View/View.php(122): Illuminate\\View\\View->getContents()
#10 /Applications/XAMPP/xamppfiles/htdocs/Sky_Track/skytracker/vendor/laravel/framework/src/Illuminate/View/View.php(91): Illuminate\\View\\View->renderContents()
#11 /Applications/XAMPP/xamppfiles/htdocs/Sky_Track/skytracker/storage/framework/views/20776df1c59d1a17a38b6de68a8c1803bd12fd21.php(22): Illuminate\\View\\View->render()
#12 /Applications/XAMPP/xamppfiles/htdocs/Sky_Track/skytracker/vendor/laravel/framework/src/Illuminate/Filesystem/Filesystem.php(107): require('/Applications/X...')
#13 /Applications/XAMPP/xamppfiles/htdocs/Sky_Track/skytracker/vendor/laravel/framework/src/Illuminate/Filesystem/Filesystem.php(108): Illuminate\\Filesystem\\Filesystem::Illuminate\\Filesystem\\{closure}()
#14 /Applications/XAMPP/xamppfiles/htdocs/Sky_Track/skytracker/vendor/laravel/framework/src/Illuminate/View/Engines/PhpEngine.php(58): Illuminate\\Filesystem\\Filesystem->getRequire('/Applications/X...', Array)
#15 /Applications/XAMPP/xamppfiles/htdocs/Sky_Track/skytracker/vendor/livewire/livewire/src/ComponentConcerns/RendersLivewireComponents.php(69): Illuminate\\View\\Engines\\PhpEngine->evaluatePath('/Applications/X...', Array)
#16 /Applications/XAMPP/xamppfiles/htdocs/Sky_Track/skytracker/vendor/laravel/framework/src/Illuminate/View/Engines/CompilerEngine.php(61): Livewire\\CompilerEngineForIgnition->evaluatePath('/Applications/X...', Array)
#17 /Applications/XAMPP/xamppfiles/htdocs/Sky_Track/skytracker/vendor/facade/ignition/src/Views/Engines/CompilerEngine.php(37): Illuminate\\View\\Engines\\CompilerEngine->get('/Applications/X...', Array)
#18 /Applications/XAMPP/xamppfiles/htdocs/Sky_Track/skytracker/vendor/livewire/livewire/src/ComponentConcerns/RendersLivewireComponents.php(35): Facade\\Ignition\\Views\\Engines\\CompilerEngine->get('/Applications/X...', Array)
#19 /Applications/XAMPP/xamppfiles/htdocs/Sky_Track/skytracker/vendor/laravel/framework/src/Illuminate/View/View.php(139): Livewire\\CompilerEngineForIgnition->get('/Applications/X...', Array)
#20 /Applications/XAMPP/xamppfiles/htdocs/Sky_Track/skytracker/vendor/laravel/framework/src/Illuminate/View/View.php(122): Illuminate\\View\\View->getContents()
#21 /Applications/XAMPP/xamppfiles/htdocs/Sky_Track/skytracker/vendor/laravel/framework/src/Illuminate/View/View.php(91): Illuminate\\View\\View->renderContents()
#22 /Applications/XAMPP/xamppfiles/htdocs/Sky_Track/skytracker/vendor/laravel/framework/src/Illuminate/Http/Response.php(69): Illuminate\\View\\View->render()
#23 /Applications/XAMPP/xamppfiles/htdocs/Sky_Track/skytracker/vendor/laravel/framework/src/Illuminate/Http/Response.php(35): Illuminate\\Http\\Response->setContent(Object(Illuminate\\View\\View))
#24 /Applications/XAMPP/xamppfiles/htdocs/Sky_Track/skytracker/vendor/laravel/framework/src/Illuminate/Routing/Router.php(820): Illuminate\\Http\\Response->__construct(Object(Illuminate\\View\\View), 200, Array)
#25 /Applications/XAMPP/xamppfiles/htdocs/Sky_Track/skytracker/vendor/laravel/framework/src/Illuminate/Routing/Router.php(789): Illuminate\\Routing\\Router::toResponse(Object(Illuminate\\Http\\Request), Object(Illuminate\\View\\View))
#26 /Applications/XAMPP/xamppfiles/htdocs/Sky_Track/skytracker/vendor/laravel/framework/src/Illuminate/Routing/Router.php(721): Illuminate\\Routing\\Router->prepareResponse(Object(Illuminate\\Http\\Request), Object(Illuminate\\View\\View))
#27 /Applications/XAMPP/xamppfiles/htdocs/Sky_Track/skytracker/vendor/laravel/framework/src/Illuminate/Pipeline/Pipeline.php(128): Illuminate\\Routing\\Router->Illuminate\\Routing\\{closure}(Object(Illuminate\\Http\\Request))
#28 /Applications/XAMPP/xamppfiles/htdocs/Sky_Track/skytracker/app/Domains/Auth/Http/Middleware/AdminCheck.php(21): Illuminate\\Pipeline\\Pipeline->Illuminate\\Pipeline\\{closure}(Object(Illuminate\\Http\\Request))
#29 /Applications/XAMPP/xamppfiles/htdocs/Sky_Track/skytracker/vendor/laravel/framework/src/Illuminate/Pipeline/Pipeline.php(167): App\\Domains\\Auth\\Http\\Middleware\\AdminCheck->handle(Object(Illuminate\\Http\\Request), Object(Closure))
#30 /Applications/XAMPP/xamppfiles/htdocs/Sky_Track/skytracker/app/Domains/Auth/Http/Middleware/PasswordExpires.php(34): Illuminate\\Pipeline\\Pipeline->Illuminate\\Pipeline\\{closure}(Object(Illuminate\\Http\\Request))
#31 /Applications/XAMPP/xamppfiles/htdocs/Sky_Track/skytracker/vendor/laravel/framework/src/Illuminate/Pipeline/Pipeline.php(167): App\\Domains\\Auth\\Http\\Middleware\\PasswordExpires->handle(Object(Illuminate\\Http\\Request), Object(Closure))
#32 /Applications/XAMPP/xamppfiles/htdocs/Sky_Track/skytracker/app/Domains/Auth/Http/Middleware/TwoFactorAuthenticationStatus.php(26): Illuminate\\Pipeline\\Pipeline->Illuminate\\Pipeline\\{closure}(Object(Illuminate\\Http\\Request))
#33 /Applications/XAMPP/xamppfiles/htdocs/Sky_Track/skytracker/vendor/laravel/framework/src/Illuminate/Pipeline/Pipeline.php(167): App\\Domains\\Auth\\Http\\Middleware\\TwoFactorAuthenticationStatus->handle(Object(Illuminate\\Http\\Request), Object(Closure), 'enabled')
#34 /Applications/XAMPP/xamppfiles/htdocs/Sky_Track/skytracker/app/Domains/Auth/Http/Middleware/ToBeLoggedOut.php(31): Illuminate\\Pipeline\\Pipeline->Illuminate\\Pipeline\\{closure}(Object(Illuminate\\Http\\Request))
#35 /Applications/XAMPP/xamppfiles/htdocs/Sky_Track/skytracker/vendor/laravel/framework/src/Illuminate/Pipeline/Pipeline.php(167): App\\Domains\\Auth\\Http\\Middleware\\ToBeLoggedOut->handle(Object(Illuminate\\Http\\Request), Object(Closure))
#36 /Applications/XAMPP/xamppfiles/htdocs/Sky_Track/skytracker/vendor/laravel/framework/src/Illuminate/Routing/Middleware/SubstituteBindings.php(50): Illuminate\\Pipeline\\Pipeline->Illuminate\\Pipeline\\{closure}(Object(Illuminate\\Http\\Request))
#37 /Applications/XAMPP/xamppfiles/htdocs/Sky_Track/skytracker/vendor/laravel/framework/src/Illuminate/Pipeline/Pipeline.php(167): Illuminate\\Routing\\Middleware\\SubstituteBindings->handle(Object(Illuminate\\Http\\Request), Object(Closure))
#38 /Applications/XAMPP/xamppfiles/htdocs/Sky_Track/skytracker/app/Http/Middleware/LocaleMiddleware.php(26): Illuminate\\Pipeline\\Pipeline->Illuminate\\Pipeline\\{closure}(Object(Illuminate\\Http\\Request))
#39 /Applications/XAMPP/xamppfiles/htdocs/Sky_Track/skytracker/vendor/laravel/framework/src/Illuminate/Pipeline/Pipeline.php(167): App\\Http\\Middleware\\LocaleMiddleware->handle(Object(Illuminate\\Http\\Request), Object(Closure))
#40 /Applications/XAMPP/xamppfiles/htdocs/Sky_Track/skytracker/vendor/laravel/framework/src/Illuminate/Foundation/Http/Middleware/VerifyCsrfToken.php(78): Illuminate\\Pipeline\\Pipeline->Illuminate\\Pipeline\\{closure}(Object(Illuminate\\Http\\Request))
#41 /Applications/XAMPP/xamppfiles/htdocs/Sky_Track/skytracker/vendor/laravel/framework/src/Illuminate/Pipeline/Pipeline.php(167): Illuminate\\Foundation\\Http\\Middleware\\VerifyCsrfToken->handle(Object(Illuminate\\Http\\Request), Object(Closure))
#42 /Applications/XAMPP/xamppfiles/htdocs/Sky_Track/skytracker/vendor/laravel/framework/src/Illuminate/Session/Middleware/AuthenticateSession.php(58): Illuminate\\Pipeline\\Pipeline->Illuminate\\Pipeline\\{closure}(Object(Illuminate\\Http\\Request))
#43 /Applications/XAMPP/xamppfiles/htdocs/Sky_Track/skytracker/vendor/laravel/framework/src/Illuminate/Pipeline/Pipeline.php(167): Illuminate\\Session\\Middleware\\AuthenticateSession->handle(Object(Illuminate\\Http\\Request), Object(Closure))
#44 /Applications/XAMPP/xamppfiles/htdocs/Sky_Track/skytracker/vendor/laravel/framework/src/Illuminate/Auth/Middleware/Authenticate.php(44): Illuminate\\Pipeline\\Pipeline->Illuminate\\Pipeline\\{closure}(Object(Illuminate\\Http\\Request))
#45 /Applications/XAMPP/xamppfiles/htdocs/Sky_Track/skytracker/vendor/laravel/framework/src/Illuminate/Pipeline/Pipeline.php(167): Illuminate\\Auth\\Middleware\\Authenticate->handle(Object(Illuminate\\Http\\Request), Object(Closure))
#46 /Applications/XAMPP/xamppfiles/htdocs/Sky_Track/skytracker/vendor/laravel/framework/src/Illuminate/View/Middleware/ShareErrorsFromSession.php(49): Illuminate\\Pipeline\\Pipeline->Illuminate\\Pipeline\\{closure}(Object(Illuminate\\Http\\Request))
#47 /Applications/XAMPP/xamppfiles/htdocs/Sky_Track/skytracker/vendor/laravel/framework/src/Illuminate/Pipeline/Pipeline.php(167): Illuminate\\View\\Middleware\\ShareErrorsFromSession->handle(Object(Illuminate\\Http\\Request), Object(Closure))
#48 /Applications/XAMPP/xamppfiles/htdocs/Sky_Track/skytracker/vendor/laravel/framework/src/Illuminate/Session/Middleware/StartSession.php(121): Illuminate\\Pipeline\\Pipeline->Illuminate\\Pipeline\\{closure}(Object(Illuminate\\Http\\Request))
#49 /Applications/XAMPP/xamppfiles/htdocs/Sky_Track/skytracker/vendor/laravel/framework/src/Illuminate/Session/Middleware/StartSession.php(64): Illuminate\\Session\\Middleware\\StartSession->handleStatefulRequest(Object(Illuminate\\Http\\Request), Object(Illuminate\\Session\\Store), Object(Closure))
#50 /Applications/XAMPP/xamppfiles/htdocs/Sky_Track/skytracker/vendor/laravel/framework/src/Illuminate/Pipeline/Pipeline.php(167): Illuminate\\Session\\Middleware\\StartSession->handle(Object(Illuminate\\Http\\Request), Object(Closure))
#51 /Applications/XAMPP/xamppfiles/htdocs/Sky_Track/skytracker/vendor/laravel/framework/src/Illuminate/Cookie/Middleware/AddQueuedCookiesToResponse.php(37): Illuminate\\Pipeline\\Pipeline->Illuminate\\Pipeline\\{closure}(Object(Illuminate\\Http\\Request))
#52 /Applications/XAMPP/xamppfiles/htdocs/Sky_Track/skytracker/vendor/laravel/framework/src/Illuminate/Pipeline/Pipeline.php(167): Illuminate\\Cookie\\Middleware\\AddQueuedCookiesToResponse->handle(Object(Illuminate\\Http\\Request), Object(Closure))
#53 /Applications/XAMPP/xamppfiles/htdocs/Sky_Track/skytracker/vendor/laravel/framework/src/Illuminate/Cookie/Middleware/EncryptCookies.php(67): Illuminate\\Pipeline\\Pipeline->Illuminate\\Pipeline\\{closure}(Object(Illuminate\\Http\\Request))
#54 /Applications/XAMPP/xamppfiles/htdocs/Sky_Track/skytracker/vendor/laravel/framework/src/Illuminate/Pipeline/Pipeline.php(167): Illuminate\\Cookie\\Middleware\\EncryptCookies->handle(Object(Illuminate\\Http\\Request), Object(Closure))
#55 /Applications/XAMPP/xamppfiles/htdocs/Sky_Track/skytracker/vendor/laravel/framework/src/Illuminate/Pipeline/Pipeline.php(103): Illuminate\\Pipeline\\Pipeline->Illuminate\\Pipeline\\{closure}(Object(Illuminate\\Http\\Request))
#56 /Applications/XAMPP/xamppfiles/htdocs/Sky_Track/skytracker/vendor/laravel/framework/src/Illuminate/Routing/Router.php(723): Illuminate\\Pipeline\\Pipeline->then(Object(Closure))
#57 /Applications/XAMPP/xamppfiles/htdocs/Sky_Track/skytracker/vendor/laravel/framework/src/Illuminate/Routing/Router.php(698): Illuminate\\Routing\\Router->runRouteWithinStack(Object(Illuminate\\Routing\\Route), Object(Illuminate\\Http\\Request))
#58 /Applications/XAMPP/xamppfiles/htdocs/Sky_Track/skytracker/vendor/laravel/framework/src/Illuminate/Routing/Router.php(662): Illuminate\\Routing\\Router->runRoute(Object(Illuminate\\Http\\Request), Object(Illuminate\\Routing\\Route))
#59 /Applications/XAMPP/xamppfiles/htdocs/Sky_Track/skytracker/vendor/laravel/framework/src/Illuminate/Routing/Router.php(651): Illuminate\\Routing\\Router->dispatchToRoute(Object(Illuminate\\Http\\Request))
#60 /Applications/XAMPP/xamppfiles/htdocs/Sky_Track/skytracker/vendor/laravel/framework/src/Illuminate/Foundation/Http/Kernel.php(167): Illuminate\\Routing\\Router->dispatch(Object(Illuminate\\Http\\Request))
#61 /Applications/XAMPP/xamppfiles/htdocs/Sky_Track/skytracker/vendor/laravel/framework/src/Illuminate/Pipeline/Pipeline.php(128): Illuminate\\Foundation\\Http\\Kernel->Illuminate\\Foundation\\Http\\{closure}(Object(Illuminate\\Http\\Request))
#62 /Applications/XAMPP/xamppfiles/htdocs/Sky_Track/skytracker/vendor/livewire/livewire/src/DisableBrowserCache.php(19): Illuminate\\Pipeline\\Pipeline->Illuminate\\Pipeline\\{closure}(Object(Illuminate\\Http\\Request))
#63 /Applications/XAMPP/xamppfiles/htdocs/Sky_Track/skytracker/vendor/laravel/framework/src/Illuminate/Pipeline/Pipeline.php(167): Livewire\\DisableBrowserCache->handle(Object(Illuminate\\Http\\Request), Object(Closure))
#64 /Applications/XAMPP/xamppfiles/htdocs/Sky_Track/skytracker/vendor/barryvdh/laravel-debugbar/src/Middleware/InjectDebugbar.php(59): Illuminate\\Pipeline\\Pipeline->Illuminate\\Pipeline\\{closure}(Object(Illuminate\\Http\\Request))
#65 /Applications/XAMPP/xamppfiles/htdocs/Sky_Track/skytracker/vendor/laravel/framework/src/Illuminate/Pipeline/Pipeline.php(167): Barryvdh\\Debugbar\\Middleware\\InjectDebugbar->handle(Object(Illuminate\\Http\\Request), Object(Closure))
#66 /Applications/XAMPP/xamppfiles/htdocs/Sky_Track/skytracker/vendor/rappasoft/lockout/src/Http/Middleware/CheckForReadOnlyMode.php(48): Illuminate\\Pipeline\\Pipeline->Illuminate\\Pipeline\\{closure}(Object(Illuminate\\Http\\Request))
#67 /Applications/XAMPP/xamppfiles/htdocs/Sky_Track/skytracker/vendor/laravel/framework/src/Illuminate/Pipeline/Pipeline.php(167): Rappasoft\\Lockout\\Http\\Middleware\\CheckForReadOnlyMode->handle(Object(Illuminate\\Http\\Request), Object(Closure))
#68 /Applications/XAMPP/xamppfiles/htdocs/Sky_Track/skytracker/vendor/laravel/framework/src/Illuminate/Foundation/Http/Middleware/TransformsRequest.php(21): Illuminate\\Pipeline\\Pipeline->Illuminate\\Pipeline\\{closure}(Object(Illuminate\\Http\\Request))
#69 /Applications/XAMPP/xamppfiles/htdocs/Sky_Track/skytracker/vendor/laravel/framework/src/Illuminate/Foundation/Http/Middleware/ConvertEmptyStringsToNull.php(31): Illuminate\\Foundation\\Http\\Middleware\\TransformsRequest->handle(Object(Illuminate\\Http\\Request), Object(Closure))
#70 /Applications/XAMPP/xamppfiles/htdocs/Sky_Track/skytracker/vendor/laravel/framework/src/Illuminate/Pipeline/Pipeline.php(167): Illuminate\\Foundation\\Http\\Middleware\\ConvertEmptyStringsToNull->handle(Object(Illuminate\\Http\\Request), Object(Closure))
#71 /Applications/XAMPP/xamppfiles/htdocs/Sky_Track/skytracker/vendor/laravel/framework/src/Illuminate/Foundation/Http/Middleware/TransformsRequest.php(21): Illuminate\\Pipeline\\Pipeline->Illuminate\\Pipeline\\{closure}(Object(Illuminate\\Http\\Request))
#72 /Applications/XAMPP/xamppfiles/htdocs/Sky_Track/skytracker/vendor/laravel/framework/src/Illuminate/Foundation/Http/Middleware/TrimStrings.php(40): Illuminate\\Foundation\\Http\\Middleware\\TransformsRequest->handle(Object(Illuminate\\Http\\Request), Object(Closure))
#73 /Applications/XAMPP/xamppfiles/htdocs/Sky_Track/skytracker/vendor/laravel/framework/src/Illuminate/Pipeline/Pipeline.php(167): Illuminate\\Foundation\\Http\\Middleware\\TrimStrings->handle(Object(Illuminate\\Http\\Request), Object(Closure))
#74 /Applications/XAMPP/xamppfiles/htdocs/Sky_Track/skytracker/vendor/laravel/framework/src/Illuminate/Foundation/Http/Middleware/ValidatePostSize.php(27): Illuminate\\Pipeline\\Pipeline->Illuminate\\Pipeline\\{closure}(Object(Illuminate\\Http\\Request))
#75 /Applications/XAMPP/xamppfiles/htdocs/Sky_Track/skytracker/vendor/laravel/framework/src/Illuminate/Pipeline/Pipeline.php(167): Illuminate\\Foundation\\Http\\Middleware\\ValidatePostSize->handle(Object(Illuminate\\Http\\Request), Object(Closure))
#76 /Applications/XAMPP/xamppfiles/htdocs/Sky_Track/skytracker/vendor/laravel/framework/src/Illuminate/Foundation/Http/Middleware/PreventRequestsDuringMaintenance.php(86): Illuminate\\Pipeline\\Pipeline->Illuminate\\Pipeline\\{closure}(Object(Illuminate\\Http\\Request))
#77 /Applications/XAMPP/xamppfiles/htdocs/Sky_Track/skytracker/vendor/laravel/framework/src/Illuminate/Pipeline/Pipeline.php(167): Illuminate\\Foundation\\Http\\Middleware\\PreventRequestsDuringMaintenance->handle(Object(Illuminate\\Http\\Request), Object(Closure))
#78 /Applications/XAMPP/xamppfiles/htdocs/Sky_Track/skytracker/vendor/fruitcake/laravel-cors/src/HandleCors.php(38): Illuminate\\Pipeline\\Pipeline->Illuminate\\Pipeline\\{closure}(Object(Illuminate\\Http\\Request))
#79 /Applications/XAMPP/xamppfiles/htdocs/Sky_Track/skytracker/vendor/laravel/framework/src/Illuminate/Pipeline/Pipeline.php(167): Fruitcake\\Cors\\HandleCors->handle(Object(Illuminate\\Http\\Request), Object(Closure))
#80 /Applications/XAMPP/xamppfiles/htdocs/Sky_Track/skytracker/vendor/laravel/framework/src/Illuminate/Http/Middleware/TrustProxies.php(39): Illuminate\\Pipeline\\Pipeline->Illuminate\\Pipeline\\{closure}(Object(Illuminate\\Http\\Request))
#81 /Applications/XAMPP/xamppfiles/htdocs/Sky_Track/skytracker/vendor/laravel/framework/src/Illuminate/Pipeline/Pipeline.php(167): Illuminate\\Http\\Middleware\\TrustProxies->handle(Object(Illuminate\\Http\\Request), Object(Closure))
#82 /Applications/XAMPP/xamppfiles/htdocs/Sky_Track/skytracker/vendor/laravel/framework/src/Illuminate/Pipeline/Pipeline.php(103): Illuminate\\Pipeline\\Pipeline->Illuminate\\Pipeline\\{closure}(Object(Illuminate\\Http\\Request))
#83 /Applications/XAMPP/xamppfiles/htdocs/Sky_Track/skytracker/vendor/laravel/framework/src/Illuminate/Foundation/Http/Kernel.php(142): Illuminate\\Pipeline\\Pipeline->then(Object(Closure))
#84 /Applications/XAMPP/xamppfiles/htdocs/Sky_Track/skytracker/vendor/laravel/framework/src/Illuminate/Foundation/Http/Kernel.php(111): Illuminate\\Foundation\\Http\\Kernel->sendRequestThroughRouter(Object(Illuminate\\Http\\Request))
#85 /Applications/XAMPP/xamppfiles/htdocs/Sky_Track/skytracker/public/index.php(57): Illuminate\\Foundation\\Http\\Kernel->handle(Object(Illuminate\\Http\\Request))
#86 /Applications/XAMPP/xamppfiles/htdocs/Sky_Track/skytracker/server.php(19): require_once('/Applications/X...')
#87 {main}
"} 
