[2023-01-01 07:24:41] local.INFO: array (
  'order_update' => 'withoutajax',
  'order_item_id' => '9917',
  'chinaLocalDelivery' => '209',
  'order_number' => NULL,
  'shipping_rate' => '650',
  'actual_weight' => '5',
  'shipping_charge' => '2600',
  'quantity' => '10',
  'product_value' => '11850',
  'first_payment' => '5925',
  'courier_bill' => NULL,
  'out_of_stock' => NULL,
  'missing' => NULL,
  'adjustment' => NULL,
  'refunded' => NULL,
  'due_payment' => '8734',
  'last_payment' => NULL,
  'tracking_number' => '32',
  'status' => 'on-hold',
)  
